<?xml version="1.0" encoding="UTF-8"?>
<!-- Generated by org.testng.reporters.JUnitReportReporter -->
<testsuite skipped="0" hostname="DESKTOP-8FKRNGE" name="com.herokuapp.com.ExceptionsTests" tests="1" failures="0" timestamp="07 Jul 2022 06:46:05 GMT" time="16.170" errors="0">
  <testcase name="disableElementTest" time="16.170" classname="com.herokuapp.com.ExceptionsTests"/>
</testsuite> <!-- com.herokuapp.com.ExceptionsTests -->
