<?xml version="1.0" encoding="UTF-8"?>
<!-- Generated by org.testng.reporters.JUnitReportReporter -->
<testsuite skipped="0" hostname="DESKTOP-8FKRNGE" name="com.herokuapp.com.NegativeTests" tests="1" failures="0" timestamp="29 Jun 2022 09:08:31 GMT" time="15.339" errors="0">
  <testcase name="invalidLogin" time="15.339" classname="com.herokuapp.com.NegativeTests"/>
</testsuite> <!-- com.herokuapp.com.NegativeTests -->
