<?xml version="1.0" encoding="UTF-8"?>
<!-- Generated by org.testng.reporters.JUnitReportReporter -->
<testsuite skipped="0" hostname="DESKTOP-8FKRNGE" name="com.herokuapp.com.PositiveTests" tests="1" failures="0" timestamp="29 Jun 2022 09:08:31 GMT" time="22.867" errors="0">
  <testcase name="loginTest" time="22.867" classname="com.herokuapp.com.PositiveTests"/>
</testsuite> <!-- com.herokuapp.com.PositiveTests -->
