<?xml version="1.0" encoding="UTF-8"?>
<!-- Generated by org.testng.reporters.JUnitReportReporter -->
<testsuite skipped="0" hostname="DESKTOP-8FKRNGE" name="com.herokuapp.com.LoginTests" tests="3" failures="0" timestamp="06 Jul 2022 08:14:40 GMT" time="45.165" errors="0">
  <testcase name="positiveLoginTest" time="17.780" classname="com.herokuapp.com.LoginTests"/>
  <testcase name="negativeLoginTest" time="13.889" classname="com.herokuapp.com.LoginTests"/>
  <testcase name="negativeLoginTest" time="13.496" classname="com.herokuapp.com.LoginTests"/>
</testsuite> <!-- com.herokuapp.com.LoginTests -->
