<?xml version="1.0" encoding="UTF-8"?>
<!-- Generated by org.testng.reporters.JUnitReportReporter -->
<testsuite hostname="DESKTOP-8FKRNGE" failures="0" tests="1" name="com.herokuapp.com.PositiveTests" time="20.670" errors="0" timestamp="29 Jun 2022 09:06:57 GMT" skipped="0">
  <testcase classname="com.herokuapp.com.PositiveTests" name="loginTest" time="20.670"/>
</testsuite> <!-- com.herokuapp.com.PositiveTests -->
